2022-01-22 11:31:28,820 django.db.backends DEBUG    (0.000) SELECT "users_user"."id", "users_user"."password", "users_user"."last_login", "users_user"."is_superuser", "users_user"."username", "users_user"."first_name", "users_user"."last_name", "users_user"."is_staff", "users_user"."is_active", "users_user"."date_joined", "users_user"."email", "users_user"."country", "users_user"."favorite_category" FROM "users_user" WHERE "users_user"."username" = 'user2' LIMIT 21; args=('user2',)
2022-01-22 11:31:28,857 django.db.backends DEBUG    (0.000) SELECT "django_session"."session_key", "django_session"."session_data", "django_session"."expire_date" FROM "django_session" WHERE ("django_session"."expire_date" > '2022-01-22 06:31:28.856340' AND "django_session"."session_key" = 'icmebx01i530snjdvagipjlt6ary62ib') LIMIT 21; args=('2022-01-22 06:31:28.856340', 'icmebx01i530snjdvagipjlt6ary62ib')
2022-01-22 11:31:28,879 django.db.backends DEBUG    (0.000) SELECT "users_user"."id", "users_user"."password", "users_user"."last_login", "users_user"."is_superuser", "users_user"."username", "users_user"."first_name", "users_user"."last_name", "users_user"."is_staff", "users_user"."is_active", "users_user"."date_joined", "users_user"."email", "users_user"."country", "users_user"."favorite_category" FROM "users_user" WHERE "users_user"."id" = 4 LIMIT 21; args=(4,)
2022-01-22 11:31:28,903 django.db.backends DEBUG    (0.000) SELECT "blog_post"."id", "blog_post"."author_id", "blog_post"."title", "blog_post"."text", "blog_post"."create_date", "blog_post"."published_date" FROM "blog_post" WHERE "blog_post"."author_id" = 4 ORDER BY "blog_post"."create_date" DESC, "blog_post"."title" ASC; args=(4,)
2022-01-22 11:32:38,232 django.db.backends DEBUG    (0.000) 
            SELECT name, type FROM sqlite_master
            WHERE type in ('table', 'view') AND NOT name='sqlite_sequence'
            ORDER BY name; args=None
2022-01-22 11:32:38,255 django.db.backends DEBUG    (0.000) SELECT "django_migrations"."id", "django_migrations"."app", "django_migrations"."name", "django_migrations"."applied" FROM "django_migrations"; args=()
2022-01-22 11:32:38,403 django.db.backends DEBUG    (0.000) SELECT "users_user"."id", "users_user"."password", "users_user"."last_login", "users_user"."is_superuser", "users_user"."username", "users_user"."first_name", "users_user"."last_name", "users_user"."is_staff", "users_user"."is_active", "users_user"."date_joined", "users_user"."email", "users_user"."country", "users_user"."favorite_category" FROM "users_user" WHERE "users_user"."username" = 'user2' LIMIT 21; args=('user2',)
2022-01-22 11:32:38,451 django.db.backends DEBUG    (0.000) SELECT "django_session"."session_key", "django_session"."session_data", "django_session"."expire_date" FROM "django_session" WHERE ("django_session"."expire_date" > '2022-01-22 06:32:38.450468' AND "django_session"."session_key" = 'icmebx01i530snjdvagipjlt6ary62ib') LIMIT 21; args=('2022-01-22 06:32:38.450468', 'icmebx01i530snjdvagipjlt6ary62ib')
2022-01-22 11:32:38,473 django.db.backends DEBUG    (0.000) SELECT "users_user"."id", "users_user"."password", "users_user"."last_login", "users_user"."is_superuser", "users_user"."username", "users_user"."first_name", "users_user"."last_name", "users_user"."is_staff", "users_user"."is_active", "users_user"."date_joined", "users_user"."email", "users_user"."country", "users_user"."favorite_category" FROM "users_user" WHERE "users_user"."id" = 4 LIMIT 21; args=(4,)
2022-01-22 11:32:38,500 django.db.backends DEBUG    (0.000) SELECT "blog_post"."id", "blog_post"."author_id", "blog_post"."title", "blog_post"."text", "blog_post"."create_date", "blog_post"."published_date" FROM "blog_post" WHERE "blog_post"."author_id" = 4 ORDER BY "blog_post"."create_date" DESC, "blog_post"."title" ASC; args=(4,)
2022-01-22 11:33:33,826 django.db.backends DEBUG    (0.000) 
            SELECT name, type FROM sqlite_master
            WHERE type in ('table', 'view') AND NOT name='sqlite_sequence'
            ORDER BY name; args=None
2022-01-22 11:33:33,904 django.db.backends DEBUG    (0.000) SELECT "django_migrations"."id", "django_migrations"."app", "django_migrations"."name", "django_migrations"."applied" FROM "django_migrations"; args=()
2022-01-22 11:33:35,464 django.db.backends DEBUG    (0.000) SELECT "users_user"."id", "users_user"."password", "users_user"."last_login", "users_user"."is_superuser", "users_user"."username", "users_user"."first_name", "users_user"."last_name", "users_user"."is_staff", "users_user"."is_active", "users_user"."date_joined", "users_user"."email", "users_user"."country", "users_user"."favorite_category" FROM "users_user" WHERE "users_user"."username" = 'user2' LIMIT 21; args=('user2',)
2022-01-22 11:33:35,518 django.db.backends DEBUG    (0.000) SELECT "django_session"."session_key", "django_session"."session_data", "django_session"."expire_date" FROM "django_session" WHERE ("django_session"."expire_date" > '2022-01-22 06:33:35.517119' AND "django_session"."session_key" = 'icmebx01i530snjdvagipjlt6ary62ib') LIMIT 21; args=('2022-01-22 06:33:35.517119', 'icmebx01i530snjdvagipjlt6ary62ib')
2022-01-22 11:33:35,551 django.db.backends DEBUG    (0.000) SELECT "users_user"."id", "users_user"."password", "users_user"."last_login", "users_user"."is_superuser", "users_user"."username", "users_user"."first_name", "users_user"."last_name", "users_user"."is_staff", "users_user"."is_active", "users_user"."date_joined", "users_user"."email", "users_user"."country", "users_user"."favorite_category" FROM "users_user" WHERE "users_user"."id" = 4 LIMIT 21; args=(4,)
2022-01-22 11:33:35,594 django.db.backends DEBUG    (0.000) SELECT "blog_post"."id", "blog_post"."author_id", "blog_post"."title", "blog_post"."text", "blog_post"."create_date", "blog_post"."published_date" FROM "blog_post" WHERE "blog_post"."author_id" = 4 ORDER BY "blog_post"."create_date" DESC, "blog_post"."title" ASC; args=(4,)
2022-01-22 11:37:52,450 django.db.backends DEBUG    (0.000) SELECT "users_user"."id", "users_user"."password", "users_user"."last_login", "users_user"."is_superuser", "users_user"."username", "users_user"."first_name", "users_user"."last_name", "users_user"."is_staff", "users_user"."is_active", "users_user"."date_joined", "users_user"."email", "users_user"."country", "users_user"."favorite_category" FROM "users_user" WHERE "users_user"."username" = 'user2' LIMIT 21; args=('user2',)
2022-01-22 11:37:52,487 django.db.backends DEBUG    (0.000) SELECT "django_session"."session_key", "django_session"."session_data", "django_session"."expire_date" FROM "django_session" WHERE ("django_session"."expire_date" > '2022-01-22 06:37:52.486543' AND "django_session"."session_key" = 'icmebx01i530snjdvagipjlt6ary62ib') LIMIT 21; args=('2022-01-22 06:37:52.486543', 'icmebx01i530snjdvagipjlt6ary62ib')
2022-01-22 11:37:52,511 django.db.backends DEBUG    (0.000) SELECT "users_user"."id", "users_user"."password", "users_user"."last_login", "users_user"."is_superuser", "users_user"."username", "users_user"."first_name", "users_user"."last_name", "users_user"."is_staff", "users_user"."is_active", "users_user"."date_joined", "users_user"."email", "users_user"."country", "users_user"."favorite_category" FROM "users_user" WHERE "users_user"."id" = 4 LIMIT 21; args=(4,)
2022-01-22 11:37:52,542 django.db.backends DEBUG    (0.000) SELECT "blog_post"."id", "blog_post"."author_id", "blog_post"."title", "blog_post"."text", "blog_post"."create_date", "blog_post"."published_date" FROM "blog_post" WHERE "blog_post"."author_id" = 4 ORDER BY "blog_post"."create_date" DESC, "blog_post"."title" ASC; args=(4,)
2022-01-22 11:42:23,065 django.db.backends DEBUG    (0.000) 
            SELECT name, type FROM sqlite_master
            WHERE type in ('table', 'view') AND NOT name='sqlite_sequence'
            ORDER BY name; args=None
2022-01-22 11:42:23,104 django.db.backends DEBUG    (0.000) SELECT "django_migrations"."id", "django_migrations"."app", "django_migrations"."name", "django_migrations"."applied" FROM "django_migrations"; args=()
2022-01-22 11:42:48,636 django.db.backends DEBUG    (0.000) 
            SELECT name, type FROM sqlite_master
            WHERE type in ('table', 'view') AND NOT name='sqlite_sequence'
            ORDER BY name; args=None
2022-01-22 11:42:48,643 django.db.backends DEBUG    (0.000) SELECT "django_migrations"."id", "django_migrations"."app", "django_migrations"."name", "django_migrations"."applied" FROM "django_migrations"; args=()
2022-01-22 11:42:52,953 django.db.backends DEBUG    (0.000) SELECT "users_user"."id", "users_user"."password", "users_user"."last_login", "users_user"."is_superuser", "users_user"."username", "users_user"."first_name", "users_user"."last_name", "users_user"."is_staff", "users_user"."is_active", "users_user"."date_joined", "users_user"."email", "users_user"."country", "users_user"."favorite_category" FROM "users_user" WHERE "users_user"."username" = 'user2' LIMIT 21; args=('user2',)
2022-01-22 11:42:52,981 django.db.backends DEBUG    (0.000) SELECT "django_session"."session_key", "django_session"."session_data", "django_session"."expire_date" FROM "django_session" WHERE ("django_session"."expire_date" > '2022-01-22 06:42:52.980538' AND "django_session"."session_key" = 'icmebx01i530snjdvagipjlt6ary62ib') LIMIT 21; args=('2022-01-22 06:42:52.980538', 'icmebx01i530snjdvagipjlt6ary62ib')
2022-01-22 11:42:52,984 django.db.backends DEBUG    (0.000) SELECT "users_user"."id", "users_user"."password", "users_user"."last_login", "users_user"."is_superuser", "users_user"."username", "users_user"."first_name", "users_user"."last_name", "users_user"."is_staff", "users_user"."is_active", "users_user"."date_joined", "users_user"."email", "users_user"."country", "users_user"."favorite_category" FROM "users_user" WHERE "users_user"."id" = 4 LIMIT 21; args=(4,)
2022-01-22 11:42:52,989 django.db.backends DEBUG    (0.000) SELECT "blog_post"."id", "blog_post"."author_id", "blog_post"."title", "blog_post"."text", "blog_post"."create_date", "blog_post"."published_date" FROM "blog_post" WHERE "blog_post"."author_id" = 4 ORDER BY "blog_post"."create_date" DESC, "blog_post"."title" ASC; args=(4,)
2022-01-22 11:43:19,548 django.db.backends DEBUG    (0.000) 
            SELECT name, type FROM sqlite_master
            WHERE type in ('table', 'view') AND NOT name='sqlite_sequence'
            ORDER BY name; args=None
2022-01-22 11:43:19,577 django.db.backends DEBUG    (0.000) SELECT "django_migrations"."id", "django_migrations"."app", "django_migrations"."name", "django_migrations"."applied" FROM "django_migrations"; args=()
2022-01-22 11:43:26,787 django.db.backends DEBUG    (0.016) 
            SELECT name, type FROM sqlite_master
            WHERE type in ('table', 'view') AND NOT name='sqlite_sequence'
            ORDER BY name; args=None
2022-01-22 11:43:26,812 django.db.backends DEBUG    (0.000) SELECT "django_migrations"."id", "django_migrations"."app", "django_migrations"."name", "django_migrations"."applied" FROM "django_migrations"; args=()
2022-01-22 11:43:27,980 django.db.backends DEBUG    (0.000) SELECT "users_user"."id", "users_user"."password", "users_user"."last_login", "users_user"."is_superuser", "users_user"."username", "users_user"."first_name", "users_user"."last_name", "users_user"."is_staff", "users_user"."is_active", "users_user"."date_joined", "users_user"."email", "users_user"."country", "users_user"."favorite_category" FROM "users_user" WHERE "users_user"."username" = 'user2' LIMIT 21; args=('user2',)
2022-01-22 11:43:28,035 django.db.backends DEBUG    (0.000) SELECT "django_session"."session_key", "django_session"."session_data", "django_session"."expire_date" FROM "django_session" WHERE ("django_session"."expire_date" > '2022-01-22 06:43:28.034034' AND "django_session"."session_key" = 'icmebx01i530snjdvagipjlt6ary62ib') LIMIT 21; args=('2022-01-22 06:43:28.034034', 'icmebx01i530snjdvagipjlt6ary62ib')
2022-01-22 11:43:28,054 django.db.backends DEBUG    (0.000) SELECT "users_user"."id", "users_user"."password", "users_user"."last_login", "users_user"."is_superuser", "users_user"."username", "users_user"."first_name", "users_user"."last_name", "users_user"."is_staff", "users_user"."is_active", "users_user"."date_joined", "users_user"."email", "users_user"."country", "users_user"."favorite_category" FROM "users_user" WHERE "users_user"."id" = 4 LIMIT 21; args=(4,)
2022-01-22 11:43:28,116 django.db.backends DEBUG    (0.000) SELECT "blog_post"."id", "blog_post"."author_id", "blog_post"."title", "blog_post"."text", "blog_post"."create_date", "blog_post"."published_date" FROM "blog_post" WHERE "blog_post"."author_id" = 4 ORDER BY "blog_post"."create_date" DESC, "blog_post"."title" ASC; args=(4,)
2022-01-22 13:21:07,380 django.db.backends DEBUG    (0.000) SELECT "users_user"."id", "users_user"."password", "users_user"."last_login", "users_user"."is_superuser", "users_user"."username", "users_user"."first_name", "users_user"."last_name", "users_user"."is_staff", "users_user"."is_active", "users_user"."date_joined", "users_user"."email", "users_user"."country", "users_user"."favorite_category" FROM "users_user" WHERE "users_user"."username" = 'user2' LIMIT 21; args=('user2',)
2022-01-22 13:21:07,408 django.db.backends DEBUG    (0.000) SELECT "django_session"."session_key", "django_session"."session_data", "django_session"."expire_date" FROM "django_session" WHERE ("django_session"."expire_date" > '2022-01-22 08:21:07.407066' AND "django_session"."session_key" = 'icmebx01i530snjdvagipjlt6ary62ib') LIMIT 21; args=('2022-01-22 08:21:07.407066', 'icmebx01i530snjdvagipjlt6ary62ib')
2022-01-22 13:21:07,423 django.db.backends DEBUG    (0.000) SELECT "users_user"."id", "users_user"."password", "users_user"."last_login", "users_user"."is_superuser", "users_user"."username", "users_user"."first_name", "users_user"."last_name", "users_user"."is_staff", "users_user"."is_active", "users_user"."date_joined", "users_user"."email", "users_user"."country", "users_user"."favorite_category" FROM "users_user" WHERE "users_user"."id" = 4 LIMIT 21; args=(4,)
2022-01-22 13:21:07,451 django.db.backends DEBUG    (0.000) SELECT "blog_post"."id", "blog_post"."author_id", "blog_post"."title", "blog_post"."text", "blog_post"."create_date", "blog_post"."published_date" FROM "blog_post" WHERE "blog_post"."author_id" = 4 ORDER BY "blog_post"."create_date" DESC, "blog_post"."title" ASC; args=(4,)
2022-01-22 13:21:14,385 django.db.backends DEBUG    (0.000) SELECT "users_user"."id", "users_user"."password", "users_user"."last_login", "users_user"."is_superuser", "users_user"."username", "users_user"."first_name", "users_user"."last_name", "users_user"."is_staff", "users_user"."is_active", "users_user"."date_joined", "users_user"."email", "users_user"."country", "users_user"."favorite_category" FROM "users_user" WHERE "users_user"."username" = 'user2' LIMIT 21; args=('user2',)
2022-01-22 13:21:14,415 django.db.backends DEBUG    (0.000) SELECT "django_session"."session_key", "django_session"."session_data", "django_session"."expire_date" FROM "django_session" WHERE ("django_session"."expire_date" > '2022-01-22 08:21:14.414178' AND "django_session"."session_key" = 'icmebx01i530snjdvagipjlt6ary62ib') LIMIT 21; args=('2022-01-22 08:21:14.414178', 'icmebx01i530snjdvagipjlt6ary62ib')
2022-01-22 13:21:14,433 django.db.backends DEBUG    (0.000) SELECT "users_user"."id", "users_user"."password", "users_user"."last_login", "users_user"."is_superuser", "users_user"."username", "users_user"."first_name", "users_user"."last_name", "users_user"."is_staff", "users_user"."is_active", "users_user"."date_joined", "users_user"."email", "users_user"."country", "users_user"."favorite_category" FROM "users_user" WHERE "users_user"."id" = 4 LIMIT 21; args=(4,)
2022-01-22 13:21:14,457 django.db.backends DEBUG    (0.000) SELECT "blog_post"."id", "blog_post"."author_id", "blog_post"."title", "blog_post"."text", "blog_post"."create_date", "blog_post"."published_date" FROM "blog_post" WHERE "blog_post"."author_id" = 4 ORDER BY "blog_post"."create_date" DESC, "blog_post"."title" ASC; args=(4,)
2022-01-22 13:21:19,334 django.db.backends DEBUG    (0.000) SELECT "users_user"."id", "users_user"."password", "users_user"."last_login", "users_user"."is_superuser", "users_user"."username", "users_user"."first_name", "users_user"."last_name", "users_user"."is_staff", "users_user"."is_active", "users_user"."date_joined", "users_user"."email", "users_user"."country", "users_user"."favorite_category" FROM "users_user" WHERE "users_user"."username" = 'user2' LIMIT 21; args=('user2',)
2022-01-22 13:21:19,357 django.db.backends DEBUG    (0.000) SELECT "django_session"."session_key", "django_session"."session_data", "django_session"."expire_date" FROM "django_session" WHERE ("django_session"."expire_date" > '2022-01-22 08:21:19.356042' AND "django_session"."session_key" = 'icmebx01i530snjdvagipjlt6ary62ib') LIMIT 21; args=('2022-01-22 08:21:19.356042', 'icmebx01i530snjdvagipjlt6ary62ib')
2022-01-22 13:21:19,370 django.db.backends DEBUG    (0.000) SELECT "users_user"."id", "users_user"."password", "users_user"."last_login", "users_user"."is_superuser", "users_user"."username", "users_user"."first_name", "users_user"."last_name", "users_user"."is_staff", "users_user"."is_active", "users_user"."date_joined", "users_user"."email", "users_user"."country", "users_user"."favorite_category" FROM "users_user" WHERE "users_user"."id" = 4 LIMIT 21; args=(4,)
2022-01-22 13:21:19,387 django.db.backends DEBUG    (0.000) SELECT "blog_post"."id", "blog_post"."author_id", "blog_post"."title", "blog_post"."text", "blog_post"."create_date", "blog_post"."published_date" FROM "blog_post" WHERE "blog_post"."author_id" = 4 ORDER BY "blog_post"."create_date" DESC, "blog_post"."title" ASC; args=(4,)
2022-01-22 13:21:23,243 django.db.backends DEBUG    (0.000) SELECT "django_session"."session_key", "django_session"."session_data", "django_session"."expire_date" FROM "django_session" WHERE ("django_session"."expire_date" > '2022-01-22 08:21:23.238400' AND "django_session"."session_key" = 'icmebx01i530snjdvagipjlt6ary62ib') LIMIT 21; args=('2022-01-22 08:21:23.238400', 'icmebx01i530snjdvagipjlt6ary62ib')
2022-01-22 13:21:23,265 django.db.backends DEBUG    (0.000) SELECT "users_user"."id", "users_user"."password", "users_user"."last_login", "users_user"."is_superuser", "users_user"."username", "users_user"."first_name", "users_user"."last_name", "users_user"."is_staff", "users_user"."is_active", "users_user"."date_joined", "users_user"."email", "users_user"."country", "users_user"."favorite_category" FROM "users_user" WHERE "users_user"."id" = 4 LIMIT 21; args=(4,)
2022-01-22 13:21:32,880 django.db.backends DEBUG    (0.000) SELECT "users_user"."id", "users_user"."password", "users_user"."last_login", "users_user"."is_superuser", "users_user"."username", "users_user"."first_name", "users_user"."last_name", "users_user"."is_staff", "users_user"."is_active", "users_user"."date_joined", "users_user"."email", "users_user"."country", "users_user"."favorite_category" FROM "users_user" WHERE "users_user"."username" = 'user2' LIMIT 21; args=('user2',)
2022-01-22 13:21:32,912 django.db.backends DEBUG    (0.000) SELECT "django_session"."session_key", "django_session"."session_data", "django_session"."expire_date" FROM "django_session" WHERE ("django_session"."expire_date" > '2022-01-22 08:21:32.910881' AND "django_session"."session_key" = 'icmebx01i530snjdvagipjlt6ary62ib') LIMIT 21; args=('2022-01-22 08:21:32.910881', 'icmebx01i530snjdvagipjlt6ary62ib')
2022-01-22 13:21:32,929 django.db.backends DEBUG    (0.000) SELECT "users_user"."id", "users_user"."password", "users_user"."last_login", "users_user"."is_superuser", "users_user"."username", "users_user"."first_name", "users_user"."last_name", "users_user"."is_staff", "users_user"."is_active", "users_user"."date_joined", "users_user"."email", "users_user"."country", "users_user"."favorite_category" FROM "users_user" WHERE "users_user"."id" = 4 LIMIT 21; args=(4,)
2022-01-22 13:21:32,955 django.db.backends DEBUG    (0.015) SELECT "blog_post"."id", "blog_post"."author_id", "blog_post"."title", "blog_post"."text", "blog_post"."create_date", "blog_post"."published_date" FROM "blog_post" WHERE "blog_post"."author_id" = 4 ORDER BY "blog_post"."create_date" DESC, "blog_post"."title" ASC; args=(4,)
2022-01-22 13:22:07,226 django.db.backends DEBUG    (0.000) SELECT "django_session"."session_key", "django_session"."session_data", "django_session"."expire_date" FROM "django_session" WHERE ("django_session"."expire_date" > '2022-01-22 08:22:07.224943' AND "django_session"."session_key" = 'icmebx01i530snjdvagipjlt6ary62ib') LIMIT 21; args=('2022-01-22 08:22:07.224943', 'icmebx01i530snjdvagipjlt6ary62ib')
2022-01-22 13:22:07,244 django.db.backends DEBUG    (0.000) SELECT "users_user"."id", "users_user"."password", "users_user"."last_login", "users_user"."is_superuser", "users_user"."username", "users_user"."first_name", "users_user"."last_name", "users_user"."is_staff", "users_user"."is_active", "users_user"."date_joined", "users_user"."email", "users_user"."country", "users_user"."favorite_category" FROM "users_user" WHERE "users_user"."id" = 4 LIMIT 21; args=(4,)
2022-01-22 13:22:07,273 django.db.backends DEBUG    (0.000) SELECT "blog_post"."id", "blog_post"."author_id", "blog_post"."title", "blog_post"."text", "blog_post"."create_date", "blog_post"."published_date" FROM "blog_post" ORDER BY "blog_post"."create_date" DESC, "blog_post"."title" ASC; args=()
2022-01-22 13:22:07,292 django.db.backends DEBUG    (0.000) SELECT "users_user"."id", "users_user"."password", "users_user"."last_login", "users_user"."is_superuser", "users_user"."username", "users_user"."first_name", "users_user"."last_name", "users_user"."is_staff", "users_user"."is_active", "users_user"."date_joined", "users_user"."email", "users_user"."country", "users_user"."favorite_category" FROM "users_user" WHERE "users_user"."id" = 4 LIMIT 21; args=(4,)
2022-01-22 13:22:07,319 django.db.backends DEBUG    (0.000) SELECT "users_user"."id", "users_user"."password", "users_user"."last_login", "users_user"."is_superuser", "users_user"."username", "users_user"."first_name", "users_user"."last_name", "users_user"."is_staff", "users_user"."is_active", "users_user"."date_joined", "users_user"."email", "users_user"."country", "users_user"."favorite_category" FROM "users_user" WHERE "users_user"."id" = 4 LIMIT 21; args=(4,)
2022-01-22 13:22:07,352 django.db.backends DEBUG    (0.000) SELECT "users_user"."id", "users_user"."password", "users_user"."last_login", "users_user"."is_superuser", "users_user"."username", "users_user"."first_name", "users_user"."last_name", "users_user"."is_staff", "users_user"."is_active", "users_user"."date_joined", "users_user"."email", "users_user"."country", "users_user"."favorite_category" FROM "users_user" WHERE "users_user"."id" = 3 LIMIT 21; args=(3,)
2022-01-22 13:22:07,379 django.db.backends DEBUG    (0.000) SELECT "users_user"."id", "users_user"."password", "users_user"."last_login", "users_user"."is_superuser", "users_user"."username", "users_user"."first_name", "users_user"."last_name", "users_user"."is_staff", "users_user"."is_active", "users_user"."date_joined", "users_user"."email", "users_user"."country", "users_user"."favorite_category" FROM "users_user" WHERE "users_user"."id" = 1 LIMIT 21; args=(1,)
2022-01-22 13:22:07,407 django.db.backends DEBUG    (0.000) SELECT "users_user"."id", "users_user"."password", "users_user"."last_login", "users_user"."is_superuser", "users_user"."username", "users_user"."first_name", "users_user"."last_name", "users_user"."is_staff", "users_user"."is_active", "users_user"."date_joined", "users_user"."email", "users_user"."country", "users_user"."favorite_category" FROM "users_user" WHERE "users_user"."id" = 1 LIMIT 21; args=(1,)
2022-01-22 13:22:07,428 django.db.backends DEBUG    (0.000) SELECT "users_user"."id", "users_user"."password", "users_user"."last_login", "users_user"."is_superuser", "users_user"."username", "users_user"."first_name", "users_user"."last_name", "users_user"."is_staff", "users_user"."is_active", "users_user"."date_joined", "users_user"."email", "users_user"."country", "users_user"."favorite_category" FROM "users_user" WHERE "users_user"."id" = 1 LIMIT 21; args=(1,)
2022-01-22 13:22:10,284 django.db.backends DEBUG    (0.015) SELECT "users_user"."id", "users_user"."password", "users_user"."last_login", "users_user"."is_superuser", "users_user"."username", "users_user"."first_name", "users_user"."last_name", "users_user"."is_staff", "users_user"."is_active", "users_user"."date_joined", "users_user"."email", "users_user"."country", "users_user"."favorite_category" FROM "users_user" WHERE "users_user"."username" = 'user1' LIMIT 21; args=('user1',)
2022-01-22 13:22:10,315 django.db.backends DEBUG    (0.000) SELECT "django_session"."session_key", "django_session"."session_data", "django_session"."expire_date" FROM "django_session" WHERE ("django_session"."expire_date" > '2022-01-22 08:22:10.314935' AND "django_session"."session_key" = 'icmebx01i530snjdvagipjlt6ary62ib') LIMIT 21; args=('2022-01-22 08:22:10.314935', 'icmebx01i530snjdvagipjlt6ary62ib')
2022-01-22 13:22:10,335 django.db.backends DEBUG    (0.000) SELECT "users_user"."id", "users_user"."password", "users_user"."last_login", "users_user"."is_superuser", "users_user"."username", "users_user"."first_name", "users_user"."last_name", "users_user"."is_staff", "users_user"."is_active", "users_user"."date_joined", "users_user"."email", "users_user"."country", "users_user"."favorite_category" FROM "users_user" WHERE "users_user"."id" = 4 LIMIT 21; args=(4,)
2022-01-22 13:22:10,372 django.db.backends DEBUG    (0.000) SELECT "blog_post"."id", "blog_post"."author_id", "blog_post"."title", "blog_post"."text", "blog_post"."create_date", "blog_post"."published_date" FROM "blog_post" WHERE "blog_post"."author_id" = 3 ORDER BY "blog_post"."create_date" DESC, "blog_post"."title" ASC; args=(3,)
2022-01-22 13:22:34,106 django.db.backends DEBUG    (0.000) SELECT "django_session"."session_key", "django_session"."session_data", "django_session"."expire_date" FROM "django_session" WHERE ("django_session"."expire_date" > '2022-01-22 08:22:34.103790' AND "django_session"."session_key" = 'icmebx01i530snjdvagipjlt6ary62ib') LIMIT 21; args=('2022-01-22 08:22:34.103790', 'icmebx01i530snjdvagipjlt6ary62ib')
2022-01-22 13:22:34,126 django.db.backends DEBUG    (0.000) SELECT "users_user"."id", "users_user"."password", "users_user"."last_login", "users_user"."is_superuser", "users_user"."username", "users_user"."first_name", "users_user"."last_name", "users_user"."is_staff", "users_user"."is_active", "users_user"."date_joined", "users_user"."email", "users_user"."country", "users_user"."favorite_category" FROM "users_user" WHERE "users_user"."id" = 4 LIMIT 21; args=(4,)
2022-01-22 13:22:34,146 django.db.backends DEBUG    (0.000) SELECT "blog_post"."id", "blog_post"."author_id", "blog_post"."title", "blog_post"."text", "blog_post"."create_date", "blog_post"."published_date" FROM "blog_post" ORDER BY "blog_post"."create_date" DESC, "blog_post"."title" ASC; args=()
2022-01-22 13:22:34,163 django.db.backends DEBUG    (0.000) SELECT "users_user"."id", "users_user"."password", "users_user"."last_login", "users_user"."is_superuser", "users_user"."username", "users_user"."first_name", "users_user"."last_name", "users_user"."is_staff", "users_user"."is_active", "users_user"."date_joined", "users_user"."email", "users_user"."country", "users_user"."favorite_category" FROM "users_user" WHERE "users_user"."id" = 4 LIMIT 21; args=(4,)
2022-01-22 13:22:34,186 django.db.backends DEBUG    (0.000) SELECT "users_user"."id", "users_user"."password", "users_user"."last_login", "users_user"."is_superuser", "users_user"."username", "users_user"."first_name", "users_user"."last_name", "users_user"."is_staff", "users_user"."is_active", "users_user"."date_joined", "users_user"."email", "users_user"."country", "users_user"."favorite_category" FROM "users_user" WHERE "users_user"."id" = 4 LIMIT 21; args=(4,)
2022-01-22 13:22:34,208 django.db.backends DEBUG    (0.000) SELECT "users_user"."id", "users_user"."password", "users_user"."last_login", "users_user"."is_superuser", "users_user"."username", "users_user"."first_name", "users_user"."last_name", "users_user"."is_staff", "users_user"."is_active", "users_user"."date_joined", "users_user"."email", "users_user"."country", "users_user"."favorite_category" FROM "users_user" WHERE "users_user"."id" = 3 LIMIT 21; args=(3,)
2022-01-22 13:22:34,227 django.db.backends DEBUG    (0.000) SELECT "users_user"."id", "users_user"."password", "users_user"."last_login", "users_user"."is_superuser", "users_user"."username", "users_user"."first_name", "users_user"."last_name", "users_user"."is_staff", "users_user"."is_active", "users_user"."date_joined", "users_user"."email", "users_user"."country", "users_user"."favorite_category" FROM "users_user" WHERE "users_user"."id" = 1 LIMIT 21; args=(1,)
2022-01-22 13:22:34,249 django.db.backends DEBUG    (0.000) SELECT "users_user"."id", "users_user"."password", "users_user"."last_login", "users_user"."is_superuser", "users_user"."username", "users_user"."first_name", "users_user"."last_name", "users_user"."is_staff", "users_user"."is_active", "users_user"."date_joined", "users_user"."email", "users_user"."country", "users_user"."favorite_category" FROM "users_user" WHERE "users_user"."id" = 1 LIMIT 21; args=(1,)
2022-01-22 13:22:34,271 django.db.backends DEBUG    (0.000) SELECT "users_user"."id", "users_user"."password", "users_user"."last_login", "users_user"."is_superuser", "users_user"."username", "users_user"."first_name", "users_user"."last_name", "users_user"."is_staff", "users_user"."is_active", "users_user"."date_joined", "users_user"."email", "users_user"."country", "users_user"."favorite_category" FROM "users_user" WHERE "users_user"."id" = 1 LIMIT 21; args=(1,)
2022-01-22 13:23:14,195 django.db.backends DEBUG    (0.000) SELECT "users_user"."id", "users_user"."password", "users_user"."last_login", "users_user"."is_superuser", "users_user"."username", "users_user"."first_name", "users_user"."last_name", "users_user"."is_staff", "users_user"."is_active", "users_user"."date_joined", "users_user"."email", "users_user"."country", "users_user"."favorite_category" FROM "users_user" WHERE "users_user"."username" = 'user2' LIMIT 21; args=('user2',)
2022-01-22 13:23:14,223 django.db.backends DEBUG    (0.000) SELECT "django_session"."session_key", "django_session"."session_data", "django_session"."expire_date" FROM "django_session" WHERE ("django_session"."expire_date" > '2022-01-22 08:23:14.222695' AND "django_session"."session_key" = 'icmebx01i530snjdvagipjlt6ary62ib') LIMIT 21; args=('2022-01-22 08:23:14.222695', 'icmebx01i530snjdvagipjlt6ary62ib')
2022-01-22 13:23:14,240 django.db.backends DEBUG    (0.000) SELECT "users_user"."id", "users_user"."password", "users_user"."last_login", "users_user"."is_superuser", "users_user"."username", "users_user"."first_name", "users_user"."last_name", "users_user"."is_staff", "users_user"."is_active", "users_user"."date_joined", "users_user"."email", "users_user"."country", "users_user"."favorite_category" FROM "users_user" WHERE "users_user"."id" = 4 LIMIT 21; args=(4,)
2022-01-22 13:23:14,264 django.db.backends DEBUG    (0.000) SELECT "blog_post"."id", "blog_post"."author_id", "blog_post"."title", "blog_post"."text", "blog_post"."create_date", "blog_post"."published_date" FROM "blog_post" WHERE "blog_post"."author_id" = 4 ORDER BY "blog_post"."create_date" DESC, "blog_post"."title" ASC; args=(4,)
2022-01-22 13:25:00,130 django.db.backends DEBUG    (0.000) 
            SELECT name, type FROM sqlite_master
            WHERE type in ('table', 'view') AND NOT name='sqlite_sequence'
            ORDER BY name; args=None
2022-01-22 13:25:00,159 django.db.backends DEBUG    (0.000) SELECT "django_migrations"."id", "django_migrations"."app", "django_migrations"."name", "django_migrations"."applied" FROM "django_migrations"; args=()
2022-01-22 13:25:02,821 django.db.backends DEBUG    (0.000) SELECT "django_session"."session_key", "django_session"."session_data", "django_session"."expire_date" FROM "django_session" WHERE ("django_session"."expire_date" > '2022-01-22 08:25:02.818829' AND "django_session"."session_key" = 'icmebx01i530snjdvagipjlt6ary62ib') LIMIT 21; args=('2022-01-22 08:25:02.818829', 'icmebx01i530snjdvagipjlt6ary62ib')
2022-01-22 13:25:02,842 django.db.backends DEBUG    (0.000) SELECT "users_user"."id", "users_user"."password", "users_user"."last_login", "users_user"."is_superuser", "users_user"."username", "users_user"."first_name", "users_user"."last_name", "users_user"."is_staff", "users_user"."is_active", "users_user"."date_joined", "users_user"."email", "users_user"."country", "users_user"."favorite_category" FROM "users_user" WHERE "users_user"."id" = 4 LIMIT 21; args=(4,)
2022-01-22 13:25:12,335 django.db.backends DEBUG    (0.000) 
            SELECT name, type FROM sqlite_master
            WHERE type in ('table', 'view') AND NOT name='sqlite_sequence'
            ORDER BY name; args=None
2022-01-22 13:25:12,360 django.db.backends DEBUG    (0.000) SELECT "django_migrations"."id", "django_migrations"."app", "django_migrations"."name", "django_migrations"."applied" FROM "django_migrations"; args=()
2022-01-22 13:25:13,482 django.db.backends DEBUG    (0.000) SELECT "django_session"."session_key", "django_session"."session_data", "django_session"."expire_date" FROM "django_session" WHERE ("django_session"."expire_date" > '2022-01-22 08:25:13.477540' AND "django_session"."session_key" = 'icmebx01i530snjdvagipjlt6ary62ib') LIMIT 21; args=('2022-01-22 08:25:13.477540', 'icmebx01i530snjdvagipjlt6ary62ib')
2022-01-22 13:25:13,505 django.db.backends DEBUG    (0.000) SELECT "users_user"."id", "users_user"."password", "users_user"."last_login", "users_user"."is_superuser", "users_user"."username", "users_user"."first_name", "users_user"."last_name", "users_user"."is_staff", "users_user"."is_active", "users_user"."date_joined", "users_user"."email", "users_user"."country", "users_user"."favorite_category" FROM "users_user" WHERE "users_user"."id" = 4 LIMIT 21; args=(4,)
2022-01-22 13:25:29,062 django.db.backends DEBUG    (0.000) 
            SELECT name, type FROM sqlite_master
            WHERE type in ('table', 'view') AND NOT name='sqlite_sequence'
            ORDER BY name; args=None
2022-01-22 13:25:29,084 django.db.backends DEBUG    (0.000) SELECT "django_migrations"."id", "django_migrations"."app", "django_migrations"."name", "django_migrations"."applied" FROM "django_migrations"; args=()
2022-01-22 13:25:29,268 django.db.backends DEBUG    (0.000) SELECT "django_session"."session_key", "django_session"."session_data", "django_session"."expire_date" FROM "django_session" WHERE ("django_session"."expire_date" > '2022-01-22 08:25:29.265285' AND "django_session"."session_key" = 'icmebx01i530snjdvagipjlt6ary62ib') LIMIT 21; args=('2022-01-22 08:25:29.265285', 'icmebx01i530snjdvagipjlt6ary62ib')
2022-01-22 13:25:29,286 django.db.backends DEBUG    (0.000) SELECT "users_user"."id", "users_user"."password", "users_user"."last_login", "users_user"."is_superuser", "users_user"."username", "users_user"."first_name", "users_user"."last_name", "users_user"."is_staff", "users_user"."is_active", "users_user"."date_joined", "users_user"."email", "users_user"."country", "users_user"."favorite_category" FROM "users_user" WHERE "users_user"."id" = 4 LIMIT 21; args=(4,)
2022-01-22 13:25:38,352 django.db.backends DEBUG    (0.000) 
            SELECT name, type FROM sqlite_master
            WHERE type in ('table', 'view') AND NOT name='sqlite_sequence'
            ORDER BY name; args=None
2022-01-22 13:25:38,375 django.db.backends DEBUG    (0.000) SELECT "django_migrations"."id", "django_migrations"."app", "django_migrations"."name", "django_migrations"."applied" FROM "django_migrations"; args=()
2022-01-22 13:25:38,604 django.db.backends DEBUG    (0.000) SELECT "django_session"."session_key", "django_session"."session_data", "django_session"."expire_date" FROM "django_session" WHERE ("django_session"."expire_date" > '2022-01-22 08:25:38.601657' AND "django_session"."session_key" = 'icmebx01i530snjdvagipjlt6ary62ib') LIMIT 21; args=('2022-01-22 08:25:38.601657', 'icmebx01i530snjdvagipjlt6ary62ib')
2022-01-22 13:25:38,619 django.db.backends DEBUG    (0.000) SELECT "users_user"."id", "users_user"."password", "users_user"."last_login", "users_user"."is_superuser", "users_user"."username", "users_user"."first_name", "users_user"."last_name", "users_user"."is_staff", "users_user"."is_active", "users_user"."date_joined", "users_user"."email", "users_user"."country", "users_user"."favorite_category" FROM "users_user" WHERE "users_user"."id" = 4 LIMIT 21; args=(4,)
2022-01-22 13:25:44,680 django.db.backends DEBUG    (0.000) 
            SELECT name, type FROM sqlite_master
            WHERE type in ('table', 'view') AND NOT name='sqlite_sequence'
            ORDER BY name; args=None
2022-01-22 13:25:44,708 django.db.backends DEBUG    (0.000) SELECT "django_migrations"."id", "django_migrations"."app", "django_migrations"."name", "django_migrations"."applied" FROM "django_migrations"; args=()
2022-01-22 13:25:44,923 django.db.backends DEBUG    (0.016) SELECT "django_session"."session_key", "django_session"."session_data", "django_session"."expire_date" FROM "django_session" WHERE ("django_session"."expire_date" > '2022-01-22 08:25:44.920508' AND "django_session"."session_key" = 'icmebx01i530snjdvagipjlt6ary62ib') LIMIT 21; args=('2022-01-22 08:25:44.920508', 'icmebx01i530snjdvagipjlt6ary62ib')
2022-01-22 13:25:44,944 django.db.backends DEBUG    (0.000) SELECT "users_user"."id", "users_user"."password", "users_user"."last_login", "users_user"."is_superuser", "users_user"."username", "users_user"."first_name", "users_user"."last_name", "users_user"."is_staff", "users_user"."is_active", "users_user"."date_joined", "users_user"."email", "users_user"."country", "users_user"."favorite_category" FROM "users_user" WHERE "users_user"."id" = 4 LIMIT 21; args=(4,)
2022-01-22 13:26:27,363 django.db.backends DEBUG    (0.015) 
            SELECT name, type FROM sqlite_master
            WHERE type in ('table', 'view') AND NOT name='sqlite_sequence'
            ORDER BY name; args=None
2022-01-22 13:26:27,413 django.db.backends DEBUG    (0.000) SELECT "django_migrations"."id", "django_migrations"."app", "django_migrations"."name", "django_migrations"."applied" FROM "django_migrations"; args=()
2022-01-22 13:26:27,682 django.db.backends DEBUG    (0.000) SELECT "django_session"."session_key", "django_session"."session_data", "django_session"."expire_date" FROM "django_session" WHERE ("django_session"."expire_date" > '2022-01-22 08:26:27.679613' AND "django_session"."session_key" = 'icmebx01i530snjdvagipjlt6ary62ib') LIMIT 21; args=('2022-01-22 08:26:27.679613', 'icmebx01i530snjdvagipjlt6ary62ib')
2022-01-22 13:26:27,703 django.db.backends DEBUG    (0.000) SELECT "users_user"."id", "users_user"."password", "users_user"."last_login", "users_user"."is_superuser", "users_user"."username", "users_user"."first_name", "users_user"."last_name", "users_user"."is_staff", "users_user"."is_active", "users_user"."date_joined", "users_user"."email", "users_user"."country", "users_user"."favorite_category" FROM "users_user" WHERE "users_user"."id" = 4 LIMIT 21; args=(4,)
2022-01-22 13:26:46,160 django.db.backends DEBUG    (0.000) 
            SELECT name, type FROM sqlite_master
            WHERE type in ('table', 'view') AND NOT name='sqlite_sequence'
            ORDER BY name; args=None
2022-01-22 13:26:46,186 django.db.backends DEBUG    (0.000) SELECT "django_migrations"."id", "django_migrations"."app", "django_migrations"."name", "django_migrations"."applied" FROM "django_migrations"; args=()
2022-01-22 13:26:48,098 django.db.backends DEBUG    (0.000) SELECT "users_user"."id", "users_user"."password", "users_user"."last_login", "users_user"."is_superuser", "users_user"."username", "users_user"."first_name", "users_user"."last_name", "users_user"."is_staff", "users_user"."is_active", "users_user"."date_joined", "users_user"."email", "users_user"."country", "users_user"."favorite_category" FROM "users_user" WHERE "users_user"."username" = 'user2' LIMIT 21; args=('user2',)
2022-01-22 13:26:48,151 django.db.backends DEBUG    (0.000) SELECT "django_session"."session_key", "django_session"."session_data", "django_session"."expire_date" FROM "django_session" WHERE ("django_session"."expire_date" > '2022-01-22 08:26:48.149681' AND "django_session"."session_key" = 'icmebx01i530snjdvagipjlt6ary62ib') LIMIT 21; args=('2022-01-22 08:26:48.149681', 'icmebx01i530snjdvagipjlt6ary62ib')
2022-01-22 13:26:48,177 django.db.backends DEBUG    (0.000) SELECT "users_user"."id", "users_user"."password", "users_user"."last_login", "users_user"."is_superuser", "users_user"."username", "users_user"."first_name", "users_user"."last_name", "users_user"."is_staff", "users_user"."is_active", "users_user"."date_joined", "users_user"."email", "users_user"."country", "users_user"."favorite_category" FROM "users_user" WHERE "users_user"."id" = 4 LIMIT 21; args=(4,)
2022-01-22 13:26:59,887 django.db.backends DEBUG    (0.000) 
            SELECT name, type FROM sqlite_master
            WHERE type in ('table', 'view') AND NOT name='sqlite_sequence'
            ORDER BY name; args=None
2022-01-22 13:26:59,912 django.db.backends DEBUG    (0.000) SELECT "django_migrations"."id", "django_migrations"."app", "django_migrations"."name", "django_migrations"."applied" FROM "django_migrations"; args=()
2022-01-22 13:26:59,993 django.db.backends DEBUG    (0.000) SELECT "users_user"."id", "users_user"."password", "users_user"."last_login", "users_user"."is_superuser", "users_user"."username", "users_user"."first_name", "users_user"."last_name", "users_user"."is_staff", "users_user"."is_active", "users_user"."date_joined", "users_user"."email", "users_user"."country", "users_user"."favorite_category" FROM "users_user" WHERE "users_user"."username" = 'user2' LIMIT 21; args=('user2',)
2022-01-22 13:27:00,065 django.db.backends DEBUG    (0.000) SELECT "django_session"."session_key", "django_session"."session_data", "django_session"."expire_date" FROM "django_session" WHERE ("django_session"."expire_date" > '2022-01-22 08:27:00.063089' AND "django_session"."session_key" = 'icmebx01i530snjdvagipjlt6ary62ib') LIMIT 21; args=('2022-01-22 08:27:00.063089', 'icmebx01i530snjdvagipjlt6ary62ib')
2022-01-22 13:27:00,085 django.db.backends DEBUG    (0.000) SELECT "users_user"."id", "users_user"."password", "users_user"."last_login", "users_user"."is_superuser", "users_user"."username", "users_user"."first_name", "users_user"."last_name", "users_user"."is_staff", "users_user"."is_active", "users_user"."date_joined", "users_user"."email", "users_user"."country", "users_user"."favorite_category" FROM "users_user" WHERE "users_user"."id" = 4 LIMIT 21; args=(4,)
2022-01-22 13:27:00,114 django.db.backends DEBUG    (0.000) SELECT "blog_post"."id", "blog_post"."author_id", "blog_post"."title", "blog_post"."text", "blog_post"."create_date", "blog_post"."published_date" FROM "blog_post" WHERE "blog_post"."author_id" = 4 ORDER BY "blog_post"."create_date" DESC, "blog_post"."title" ASC; args=(4,)
2022-01-22 13:27:22,001 django.db.backends DEBUG    (0.016) SELECT "django_session"."session_key", "django_session"."session_data", "django_session"."expire_date" FROM "django_session" WHERE ("django_session"."expire_date" > '2022-01-22 08:27:21.999380' AND "django_session"."session_key" = 'icmebx01i530snjdvagipjlt6ary62ib') LIMIT 21; args=('2022-01-22 08:27:21.999380', 'icmebx01i530snjdvagipjlt6ary62ib')
2022-01-22 13:27:22,021 django.db.backends DEBUG    (0.000) SELECT "users_user"."id", "users_user"."password", "users_user"."last_login", "users_user"."is_superuser", "users_user"."username", "users_user"."first_name", "users_user"."last_name", "users_user"."is_staff", "users_user"."is_active", "users_user"."date_joined", "users_user"."email", "users_user"."country", "users_user"."favorite_category" FROM "users_user" WHERE "users_user"."id" = 4 LIMIT 21; args=(4,)
2022-01-22 13:27:22,043 django.db.backends DEBUG    (0.000) SELECT "blog_post"."id", "blog_post"."author_id", "blog_post"."title", "blog_post"."text", "blog_post"."create_date", "blog_post"."published_date" FROM "blog_post" ORDER BY "blog_post"."create_date" DESC, "blog_post"."title" ASC; args=()
2022-01-22 13:27:22,060 django.db.backends DEBUG    (0.000) SELECT "users_user"."id", "users_user"."password", "users_user"."last_login", "users_user"."is_superuser", "users_user"."username", "users_user"."first_name", "users_user"."last_name", "users_user"."is_staff", "users_user"."is_active", "users_user"."date_joined", "users_user"."email", "users_user"."country", "users_user"."favorite_category" FROM "users_user" WHERE "users_user"."id" = 4 LIMIT 21; args=(4,)
2022-01-22 13:27:22,081 django.db.backends DEBUG    (0.000) SELECT "users_user"."id", "users_user"."password", "users_user"."last_login", "users_user"."is_superuser", "users_user"."username", "users_user"."first_name", "users_user"."last_name", "users_user"."is_staff", "users_user"."is_active", "users_user"."date_joined", "users_user"."email", "users_user"."country", "users_user"."favorite_category" FROM "users_user" WHERE "users_user"."id" = 4 LIMIT 21; args=(4,)
2022-01-22 13:27:22,099 django.db.backends DEBUG    (0.000) SELECT "users_user"."id", "users_user"."password", "users_user"."last_login", "users_user"."is_superuser", "users_user"."username", "users_user"."first_name", "users_user"."last_name", "users_user"."is_staff", "users_user"."is_active", "users_user"."date_joined", "users_user"."email", "users_user"."country", "users_user"."favorite_category" FROM "users_user" WHERE "users_user"."id" = 3 LIMIT 21; args=(3,)
2022-01-22 13:27:22,116 django.db.backends DEBUG    (0.000) SELECT "users_user"."id", "users_user"."password", "users_user"."last_login", "users_user"."is_superuser", "users_user"."username", "users_user"."first_name", "users_user"."last_name", "users_user"."is_staff", "users_user"."is_active", "users_user"."date_joined", "users_user"."email", "users_user"."country", "users_user"."favorite_category" FROM "users_user" WHERE "users_user"."id" = 1 LIMIT 21; args=(1,)
2022-01-22 13:27:22,136 django.db.backends DEBUG    (0.000) SELECT "users_user"."id", "users_user"."password", "users_user"."last_login", "users_user"."is_superuser", "users_user"."username", "users_user"."first_name", "users_user"."last_name", "users_user"."is_staff", "users_user"."is_active", "users_user"."date_joined", "users_user"."email", "users_user"."country", "users_user"."favorite_category" FROM "users_user" WHERE "users_user"."id" = 1 LIMIT 21; args=(1,)
2022-01-22 13:27:22,153 django.db.backends DEBUG    (0.000) SELECT "users_user"."id", "users_user"."password", "users_user"."last_login", "users_user"."is_superuser", "users_user"."username", "users_user"."first_name", "users_user"."last_name", "users_user"."is_staff", "users_user"."is_active", "users_user"."date_joined", "users_user"."email", "users_user"."country", "users_user"."favorite_category" FROM "users_user" WHERE "users_user"."id" = 1 LIMIT 21; args=(1,)
2022-01-22 13:29:44,536 django.db.backends DEBUG    (0.000) 
            SELECT name, type FROM sqlite_master
            WHERE type in ('table', 'view') AND NOT name='sqlite_sequence'
            ORDER BY name; args=None
2022-01-22 13:29:44,598 django.db.backends DEBUG    (0.016) SELECT "django_migrations"."id", "django_migrations"."app", "django_migrations"."name", "django_migrations"."applied" FROM "django_migrations"; args=()
2022-01-22 13:43:19,724 asyncio      DEBUG    Using proactor: IocpProactor
